build/app/intermediates/manifest_merge_blame_file/release/manifest-merger-blame-release-report.txt
1<?xml version="1.0" encoding="utf-8"?>
2<manifest xmlns:android="http://schemas.android.com/apk/res/android"
3    package="com.smart.food.dev"
4    android:versionCode="1"
5    android:versionName="1.0.0" >
6
7    <uses-sdk
8        android:minSdkVersion="21"
8-->src/main/AndroidManifest.xml
9        android:targetSdkVersion="28" />
9-->src/main/AndroidManifest.xml
10
11    <uses-permission android:name="android.permission.ACCESS_NETWORK_STATE" />
11-->[com.squareup.sdk.in-app-payments:in-app-payments:1.3.0] AndroidManifest.xml:9:5-79
11-->[com.squareup.sdk.in-app-payments:in-app-payments:1.3.0] AndroidManifest.xml:9:22-76
12    <uses-permission android:name="android.permission.INTERNET" />
12-->[com.squareup.sdk.in-app-payments:in-app-payments:1.3.0] AndroidManifest.xml:10:5-67
12-->[com.squareup.sdk.in-app-payments:in-app-payments:1.3.0] AndroidManifest.xml:10:22-64
13    <uses-permission android:name="android.permission.WAKE_LOCK" />
13-->[com.google.android.gms:play-services-measurement:17.2.2] AndroidManifest.xml:25:5-68
13-->[com.google.android.gms:play-services-measurement:17.2.2] AndroidManifest.xml:25:22-65
14    <uses-permission android:name="com.google.android.finsky.permission.BIND_GET_INSTALL_REFERRER_SERVICE" /> <!-- Required by older versions of Google Play services to create IID tokens -->
14-->[com.google.android.gms:play-services-measurement:17.2.2] AndroidManifest.xml:26:5-110
14-->[com.google.android.gms:play-services-measurement:17.2.2] AndroidManifest.xml:26:22-107
15    <uses-permission android:name="com.google.android.c2dm.permission.RECEIVE" />
15-->[com.google.firebase:firebase-iid:20.0.2] AndroidManifest.xml:26:5-82
15-->[com.google.firebase:firebase-iid:20.0.2] AndroidManifest.xml:26:22-79
16
17    <uses-feature
17-->[com.google.android.gms:play-services-maps:16.0.0] AndroidManifest.xml:26:5-28:35
18        android:glEsVersion="0x00020000"
18-->[com.google.android.gms:play-services-maps:16.0.0] AndroidManifest.xml:27:9-41
19        android:required="true" />
19-->[com.google.android.gms:play-services-maps:16.0.0] AndroidManifest.xml:28:9-32
20    <!--
21 io.flutter.app.FlutterApplication is an android.app.Application that
22         calls FlutterMain.startInitialization(this); in its onCreate method.
23         In most cases you can leave this as-is, but you if you want to provide
24         additional functionality it is fine to subclass or reimplement
25         FlutterApplication and put your custom class here.
26    -->
27    <application
27-->src/main/AndroidManifest.xml:8:5-29:19
28        android:name="io.flutter.app.FlutterApplication"
28-->src/main/AndroidManifest.xml:9:9-57
29        android:appComponentFactory="androidx.core.app.CoreComponentFactory"
29-->[androidx.core:core:1.0.0] AndroidManifest.xml:22:18-86
30        android:icon="@mipmap/ic_launcher"
30-->src/main/AndroidManifest.xml:11:9-43
31        android:label="flutterapp" >
31-->src/main/AndroidManifest.xml:10:9-35
32        <activity
32-->src/main/AndroidManifest.xml:12:9-23:20
33            android:name="com.example.flutterapp.MainActivity"
33-->src/main/AndroidManifest.xml:13:13-41
34            android:configChanges="orientation|keyboardHidden|keyboard|screenSize|smallestScreenSize|locale|layoutDirection|fontScale|screenLayout|density|uiMode"
34-->src/main/AndroidManifest.xml:16:13-163
35            android:hardwareAccelerated="true"
35-->src/main/AndroidManifest.xml:17:13-47
36            android:launchMode="singleTop"
36-->src/main/AndroidManifest.xml:14:13-43
37            android:theme="@style/LaunchTheme"
37-->src/main/AndroidManifest.xml:15:13-47
38            android:windowSoftInputMode="adjustResize" >
38-->src/main/AndroidManifest.xml:18:13-55
39            <intent-filter>
39-->src/main/AndroidManifest.xml:19:13-22:29
40                <action android:name="android.intent.action.MAIN" />
40-->src/main/AndroidManifest.xml:20:17-68
40-->src/main/AndroidManifest.xml:20:25-66
41
42                <category android:name="android.intent.category.LAUNCHER" />
42-->src/main/AndroidManifest.xml:21:17-76
42-->src/main/AndroidManifest.xml:21:27-74
43            </intent-filter>
44        </activity>
45        <!--
46             Don't delete the meta-data below.
47             This is used by the Flutter tool to generate GeneratedPluginRegistrant.java
48        -->
49        <meta-data
49-->src/main/AndroidManifest.xml:26:9-28:33
50            android:name="flutterEmbedding"
50-->src/main/AndroidManifest.xml:27:13-44
51            android:value="2" />
51-->src/main/AndroidManifest.xml:28:13-30
52
53        <activity
53-->[com.squareup.sdk.in-app-payments:card-entry:1.3.0] AndroidManifest.xml:10:9-14:20
54            android:name="sqip.internal.CardEntryActivity"
54-->[com.squareup.sdk.in-app-payments:card-entry:1.3.0] AndroidManifest.xml:11:13-59
55            android:theme="@style/sqip.Theme.CardEntry"
55-->[com.squareup.sdk.in-app-payments:card-entry:1.3.0] AndroidManifest.xml:12:13-56
56            android:windowSoftInputMode="adjustResize" >
56-->[com.squareup.sdk.in-app-payments:card-entry:1.3.0] AndroidManifest.xml:13:13-55
57        </activity>
58        <activity
58-->[com.squareup.sdk.in-app-payments:buyer-verification:1.3.0] AndroidManifest.xml:10:9-13:58
59            android:name="sqip.internal.verification.BuyerVerificationActivity"
59-->[com.squareup.sdk.in-app-payments:buyer-verification:1.3.0] AndroidManifest.xml:11:13-80
60            android:theme="@style/sqip.Theme.BuyerVerification_Loading"
60-->[com.squareup.sdk.in-app-payments:buyer-verification:1.3.0] AndroidManifest.xml:12:13-72
61            android:windowSoftInputMode="adjustResize" />
61-->[com.squareup.sdk.in-app-payments:buyer-verification:1.3.0] AndroidManifest.xml:13:13-55
62
63        <provider
63-->[com.squareup.sdk.in-app-payments:nonce-api:1.3.0] AndroidManifest.xml:10:9-13:40
64            android:name="sqip.internal.ContextCaptureContentProvider"
64-->[com.squareup.sdk.in-app-payments:nonce-api:1.3.0] AndroidManifest.xml:11:13-71
65            android:authorities="com.smart.food.dev.sqip"
65-->[com.squareup.sdk.in-app-payments:nonce-api:1.3.0] AndroidManifest.xml:12:13-56
66            android:exported="false" />
66-->[com.squareup.sdk.in-app-payments:nonce-api:1.3.0] AndroidManifest.xml:13:13-37
67
68        <service
68-->[:firebase_auth] AndroidManifest.xml:8:9-12:19
69            android:name="com.google.firebase.components.ComponentDiscoveryService"
69-->[:firebase_auth] AndroidManifest.xml:8:18-89
70            android:directBootAware="true"
70-->[com.google.firebase:firebase-common:19.3.0] AndroidManifest.xml:34:13-43
71            android:exported="false" >
71-->[com.google.android.gms:play-services-measurement-api:17.2.2] AndroidManifest.xml:29:13-37
72            <meta-data
72-->[:firebase_auth] AndroidManifest.xml:9:13-11:85
73                android:name="com.google.firebase.components:io.flutter.plugins.firebaseauth.FlutterFirebaseAppRegistrar"
73-->[:firebase_auth] AndroidManifest.xml:10:17-122
74                android:value="com.google.firebase.components.ComponentRegistrar" />
74-->[:firebase_auth] AndroidManifest.xml:11:17-82
75            <meta-data
75-->[:cloud_firestore] AndroidManifest.xml:9:13-11:85
76                android:name="com.google.firebase.components:io.flutter.plugins.firebase.cloudfirestore.FlutterFirebaseAppRegistrar"
76-->[:cloud_firestore] AndroidManifest.xml:10:17-133
77                android:value="com.google.firebase.components.ComponentRegistrar" />
77-->[:cloud_firestore] AndroidManifest.xml:11:17-82
78            <meta-data
78-->[:firebase_core] AndroidManifest.xml:9:13-11:85
79                android:name="com.google.firebase.components:io.flutter.plugins.firebase.core.FlutterFirebaseAppRegistrar"
79-->[:firebase_core] AndroidManifest.xml:10:17-123
80                android:value="com.google.firebase.components.ComponentRegistrar" />
80-->[:firebase_core] AndroidManifest.xml:11:17-82
81            <meta-data
81-->[com.google.android.gms:play-services-measurement-api:17.2.2] AndroidManifest.xml:30:13-32:85
82                android:name="com.google.firebase.components:com.google.firebase.analytics.connector.internal.AnalyticsConnectorRegistrar"
82-->[com.google.android.gms:play-services-measurement-api:17.2.2] AndroidManifest.xml:31:17-139
83                android:value="com.google.firebase.components.ComponentRegistrar" />
83-->[com.google.android.gms:play-services-measurement-api:17.2.2] AndroidManifest.xml:32:17-82
84            <meta-data
84-->[com.google.firebase:firebase-firestore:21.3.0] AndroidManifest.xml:20:13-22:85
85                android:name="com.google.firebase.components:com.google.firebase.firestore.FirestoreRegistrar"
85-->[com.google.firebase:firebase-firestore:21.3.0] AndroidManifest.xml:21:17-111
86                android:value="com.google.firebase.components.ComponentRegistrar" />
86-->[com.google.firebase:firebase-firestore:21.3.0] AndroidManifest.xml:22:17-82
87            <meta-data
87-->[com.google.firebase:firebase-auth:19.2.0] AndroidManifest.xml:36:13-38:85
88                android:name="com.google.firebase.components:com.google.firebase.auth.FirebaseAuthRegistrar"
88-->[com.google.firebase:firebase-auth:19.2.0] AndroidManifest.xml:37:17-109
89                android:value="com.google.firebase.components.ComponentRegistrar" />
89-->[com.google.firebase:firebase-auth:19.2.0] AndroidManifest.xml:38:17-82
90            <meta-data
90-->[com.google.firebase:firebase-iid:20.0.2] AndroidManifest.xml:32:13-34:85
91                android:name="com.google.firebase.components:com.google.firebase.iid.Registrar"
91-->[com.google.firebase:firebase-iid:20.0.2] AndroidManifest.xml:33:17-96
92                android:value="com.google.firebase.components.ComponentRegistrar" />
92-->[com.google.firebase:firebase-iid:20.0.2] AndroidManifest.xml:34:17-82
93        </service>
94
95        <receiver
95-->[com.google.android.gms:play-services-measurement:17.2.2] AndroidManifest.xml:29:9-33:20
96            android:name="com.google.android.gms.measurement.AppMeasurementReceiver"
96-->[com.google.android.gms:play-services-measurement:17.2.2] AndroidManifest.xml:30:13-85
97            android:enabled="true"
97-->[com.google.android.gms:play-services-measurement:17.2.2] AndroidManifest.xml:31:13-35
98            android:exported="false" >
98-->[com.google.android.gms:play-services-measurement:17.2.2] AndroidManifest.xml:32:13-37
99        </receiver>
100        <receiver
100-->[com.google.android.gms:play-services-measurement:17.2.2] AndroidManifest.xml:34:9-42:20
101            android:name="com.google.android.gms.measurement.AppMeasurementInstallReferrerReceiver"
101-->[com.google.android.gms:play-services-measurement:17.2.2] AndroidManifest.xml:35:13-100
102            android:enabled="true"
102-->[com.google.android.gms:play-services-measurement:17.2.2] AndroidManifest.xml:36:13-35
103            android:exported="true"
103-->[com.google.android.gms:play-services-measurement:17.2.2] AndroidManifest.xml:37:13-36
104            android:permission="android.permission.INSTALL_PACKAGES" >
104-->[com.google.android.gms:play-services-measurement:17.2.2] AndroidManifest.xml:38:13-69
105            <intent-filter>
105-->[com.google.android.gms:play-services-measurement:17.2.2] AndroidManifest.xml:39:13-41:29
106                <action android:name="com.android.vending.INSTALL_REFERRER" />
106-->[com.google.android.gms:play-services-measurement:17.2.2] AndroidManifest.xml:40:17-79
106-->[com.google.android.gms:play-services-measurement:17.2.2] AndroidManifest.xml:40:25-76
107            </intent-filter>
108        </receiver>
109
110        <service
110-->[com.google.android.gms:play-services-measurement:17.2.2] AndroidManifest.xml:44:9-47:40
111            android:name="com.google.android.gms.measurement.AppMeasurementService"
111-->[com.google.android.gms:play-services-measurement:17.2.2] AndroidManifest.xml:45:13-84
112            android:enabled="true"
112-->[com.google.android.gms:play-services-measurement:17.2.2] AndroidManifest.xml:46:13-35
113            android:exported="false" />
113-->[com.google.android.gms:play-services-measurement:17.2.2] AndroidManifest.xml:47:13-37
114        <service
114-->[com.google.android.gms:play-services-measurement:17.2.2] AndroidManifest.xml:48:9-52:72
115            android:name="com.google.android.gms.measurement.AppMeasurementJobService"
115-->[com.google.android.gms:play-services-measurement:17.2.2] AndroidManifest.xml:49:13-87
116            android:enabled="true"
116-->[com.google.android.gms:play-services-measurement:17.2.2] AndroidManifest.xml:50:13-35
117            android:exported="false"
117-->[com.google.android.gms:play-services-measurement:17.2.2] AndroidManifest.xml:51:13-37
118            android:permission="android.permission.BIND_JOB_SERVICE" />
118-->[com.google.android.gms:play-services-measurement:17.2.2] AndroidManifest.xml:52:13-69
119
120        <activity
120-->[com.google.firebase:firebase-auth:19.2.0] AndroidManifest.xml:24:9-31:50
121            android:name="com.google.firebase.auth.internal.FederatedSignInActivity"
121-->[com.google.firebase:firebase-auth:19.2.0] AndroidManifest.xml:25:13-85
122            android:excludeFromRecents="true"
122-->[com.google.firebase:firebase-auth:19.2.0] AndroidManifest.xml:26:13-46
123            android:exported="true"
123-->[com.google.firebase:firebase-auth:19.2.0] AndroidManifest.xml:27:13-36
124            android:launchMode="singleTask"
124-->[com.google.firebase:firebase-auth:19.2.0] AndroidManifest.xml:28:13-44
125            android:permission="com.google.firebase.auth.api.gms.permission.LAUNCH_FEDERATED_SIGN_IN"
125-->[com.google.firebase:firebase-auth:19.2.0] AndroidManifest.xml:29:13-102
126            android:theme="@android:style/Theme.Translucent.NoTitleBar" />
126-->[com.google.firebase:firebase-auth:19.2.0] AndroidManifest.xml:30:13-72
127
128        <receiver
128-->[com.google.firebase:firebase-iid:20.0.2] AndroidManifest.xml:37:9-44:20
129            android:name="com.google.firebase.iid.FirebaseInstanceIdReceiver"
129-->[com.google.firebase:firebase-iid:20.0.2] AndroidManifest.xml:38:13-78
130            android:exported="true"
130-->[com.google.firebase:firebase-iid:20.0.2] AndroidManifest.xml:39:13-36
131            android:permission="com.google.android.c2dm.permission.SEND" >
131-->[com.google.firebase:firebase-iid:20.0.2] AndroidManifest.xml:40:13-73
132            <intent-filter>
132-->[com.google.firebase:firebase-iid:20.0.2] AndroidManifest.xml:41:13-43:29
133                <action android:name="com.google.android.c2dm.intent.RECEIVE" />
133-->[com.google.firebase:firebase-iid:20.0.2] AndroidManifest.xml:42:17-81
133-->[com.google.firebase:firebase-iid:20.0.2] AndroidManifest.xml:42:25-78
134            </intent-filter>
135        </receiver>
136
137        <provider
137-->[com.google.firebase:firebase-common:19.3.0] AndroidManifest.xml:26:9-30:39
138            android:name="com.google.firebase.provider.FirebaseInitProvider"
138-->[com.google.firebase:firebase-common:19.3.0] AndroidManifest.xml:27:13-77
139            android:authorities="com.smart.food.dev.firebaseinitprovider"
139-->[com.google.firebase:firebase-common:19.3.0] AndroidManifest.xml:28:13-72
140            android:exported="false"
140-->[com.google.firebase:firebase-common:19.3.0] AndroidManifest.xml:29:13-37
141            android:initOrder="100" />
141-->[com.google.firebase:firebase-common:19.3.0] AndroidManifest.xml:30:13-36
142
143        <activity
143-->[com.nds.threeds:threedssdk-release:1.1.17] AndroidManifest.xml:11:9-14:58
144            android:name="com.ndsthreeds.android.sdk.ChallengeFlowActivity"
144-->[com.nds.threeds:threedssdk-release:1.1.17] AndroidManifest.xml:12:13-76
145            android:configChanges="orientation|screenSize"
145-->[com.nds.threeds:threedssdk-release:1.1.17] AndroidManifest.xml:13:13-59
146            android:windowSoftInputMode="adjustResize" />
146-->[com.nds.threeds:threedssdk-release:1.1.17] AndroidManifest.xml:14:13-55
147        <activity
147-->[com.google.android.gms:play-services-base:17.1.0] AndroidManifest.xml:23:9-26:75
148            android:name="com.google.android.gms.common.api.GoogleApiActivity"
148-->[com.google.android.gms:play-services-base:17.1.0] AndroidManifest.xml:24:13-79
149            android:exported="false"
149-->[com.google.android.gms:play-services-base:17.1.0] AndroidManifest.xml:25:13-37
150            android:theme="@android:style/Theme.Translucent.NoTitleBar" />
150-->[com.google.android.gms:play-services-base:17.1.0] AndroidManifest.xml:26:13-72
151
152        <meta-data
152-->[com.google.android.gms:play-services-basement:17.0.0] AndroidManifest.xml:23:9-25:69
153            android:name="com.google.android.gms.version"
153-->[com.google.android.gms:play-services-basement:17.0.0] AndroidManifest.xml:24:13-58
154            android:value="@integer/google_play_services_version" />
154-->[com.google.android.gms:play-services-basement:17.0.0] AndroidManifest.xml:25:13-66
155    </application>
156
157</manifest>